Arguments: 
  /Users/k.sobczak/.nvm/versions/node/v17.6.0/bin/node /Users/k.sobczak/.yarn/bin/yarn.js add ☺builder.io/partytown

PATH: 
  /Users/k.sobczak/.yarn/bin:/Users/k.sobczak/.config/yarn/global/node_modules/.bin:/Users/k.sobczak/.nvm/versions/node/v17.6.0/bin:/opt/homebrew/bin:/opt/homebrew/sbin:/opt/local/bin:/opt/local/sbin:/opt/homebrew/bin:/opt/homebrew/sbin:/usr/local/bin:/usr/bin:/bin:/usr/sbin:/sbin:/Library/TeX/texbin:/opt/X11/bin:/Library/Frameworks/Mono.framework/Versions/Current/Commands:/Users/k.sobczak/.yarn/bin:/Users/k.sobczak/.config/yarn/global/node_modules/.bin:/Users/k.sobczak/.nvm/versions/node/v17.6.0/bin:/opt/homebrew/bin:/opt/homebrew/sbin:/opt/local/bin:/opt/local/sbin

Yarn version: 
  1.22.19

Node version: 
  17.6.0

Platform: 
  darwin arm64

Trace: 
  TypeError [ERR_UNESCAPED_CHARACTERS]: https://github.com/☺builder.io/partytown: Request path contains unescaped characters
      at new NodeError (node:internal/errors:372:5)
      at new ClientRequest (node:_http_client:154:13)
      at Object.request (node:https:353:10)
      at Request.module.exports.Request.start (/Users/k.sobczak/.yarn/lib/cli.js:141452:32)
      at Request.module.exports.Request.end (/Users/k.sobczak/.yarn/lib/cli.js:142211:10)
      at end (/Users/k.sobczak/.yarn/lib/cli.js:141265:14)
      at Immediate.<anonymous> (/Users/k.sobczak/.yarn/lib/cli.js:141279:7)
      at processImmediate (node:internal/timers:466:21)

npm manifest: 
  {
    "name": "partytown",
    "version": "1.0.0",
    "main": "index.js",
    "license": "MIT"
  }

yarn manifest: 
  No manifest

Lockfile: 
  No lockfile
